<?xml version="1.0" encoding="UTF-8"?>
<testng-results total="1" passed="1" failed="0" skipped="0">
  <reporter-output>
  </reporter-output>
  <suite started-at="2020-06-20T08:55:48Z" name="Command line suite" finished-at="2020-06-20T08:55:52Z" duration-ms="4413">
    <groups>
    </groups>
    <test started-at="2020-06-20T08:55:48Z" name="Command line test" finished-at="2020-06-20T08:55:52Z" duration-ms="4413">
      <class name="TestCase.TC001_GET_Test">
        <test-method signature="get()[pri:0, instance:TestCase.TC001_GET_Test@4e91d63f]" started-at="2020-06-20T14:25:48Z" name="get" finished-at="2020-06-20T14:25:52Z" duration-ms="4395" status="PASS">
          <reporter-output>
          </reporter-output>
        </test-method> <!-- get -->
      </class> <!-- TestCase.TC001_GET_Test -->
    </test> <!-- Command line test -->
  </suite> <!-- Command line suite -->
</testng-results>
